<?xml version="1.0" encoding="UTF-8"?>
<!-- Generated by org.testng.reporters.JUnitXMLReporter -->
<testsuite ignored="0" hostname="Vitas-MBP.local.tld" failures="2" tests="3" name="All functionalities" time="17.517" errors="0" timestamp="2022-06-07T17:38:13 CDT">
  <testcase classname="scripts._01_Test" name="validateCarsSignInPage" time="4.291">
    <failure type="java.lang.AssertionError" message="expected [https://www.cars.com/signin/?redirect_path=%2F] but found [https://www.cars.com/]">
      <![CDATA[java.lang.AssertionError: expected [https://www.cars.com/signin/?redirect_path=%2F] but found [https://www.cars.com/]
at scripts.Base.goToSignInPage(Base.java:35)
at scripts._01_Test.validateCarsSignInPage(_01_Test.java:26)
at java.base/java.util.ArrayList.forEach(ArrayList.java:1511)
... Removed 33 stack frames]]>
    </failure>
  </testcase> <!-- validateCarsSignInPage -->
  <testcase classname="scripts._01_Test" name="validateCarsSignInPageSocialMediaa" time="4.479">
    <failure type="java.lang.AssertionError" message="expected [https://www.cars.com/signin/?redirect_path=%2F] but found [https://www.cars.com/]">
      <![CDATA[java.lang.AssertionError: expected [https://www.cars.com/signin/?redirect_path=%2F] but found [https://www.cars.com/]
at scripts.Base.goToSignInPage(Base.java:35)
at scripts._01_Test.validateCarsSignInPageSocialMediaa(_01_Test.java:68)
at java.base/java.util.ArrayList.forEach(ArrayList.java:1511)
... Removed 33 stack frames]]>
    </failure>
  </testcase> <!-- validateCarsSignInPageSocialMediaa -->
  <testcase classname="scripts._01_Test" name="validateSignInWithInvalidCredentials" time="4.805"/>
</testsuite> <!-- All functionalities -->
